<?xml version="1.0" encoding="UTF-8"?>
<testng-results ignored="0" total="1" passed="1" failed="0" skipped="0">
  <reporter-output>
  </reporter-output>
  <suite started-at="2025-02-05T11:13:27 IST" name="Suite" finished-at="2025-02-05T11:13:45 IST" duration-ms="18694">
    <groups>
      <group name="smoke">
        <method signature="GeneralStore_1.GeneralStoretest()[pri:0, instance:org.testSuite.GeneralStore_1@50f6ac94]" name="GeneralStoretest" class="org.testSuite.GeneralStore_1"/>
      </group> <!-- smoke -->
    </groups>
    <test started-at="2025-02-05T11:13:27 IST" name="Test" finished-at="2025-02-05T11:13:45 IST" duration-ms="18694">
      <class name="org.testSuite.GeneralStore_1">
        <test-method is-config="true" signature="configureAppium()[pri:0, instance:org.testSuite.GeneralStore_1@50f6ac94]" started-at="2025-02-05T11:13:27 IST" name="configureAppium" finished-at="2025-02-05T11:13:41 IST" duration-ms="14226" status="PASS">
          <reporter-output>
          </reporter-output>
        </test-method> <!-- configureAppium -->
        <test-method signature="GeneralStoretest()[pri:0, instance:org.testSuite.GeneralStore_1@50f6ac94]" started-at="2025-02-05T11:13:41 IST" name="GeneralStoretest" finished-at="2025-02-05T11:13:45 IST" duration-ms="4157" status="PASS">
          <reporter-output>
          </reporter-output>
        </test-method> <!-- GeneralStoretest -->
        <test-method is-config="true" signature="tearDown()[pri:0, instance:org.testSuite.GeneralStore_1@50f6ac94]" started-at="2025-02-05T11:13:45 IST" name="tearDown" finished-at="2025-02-05T11:13:45 IST" duration-ms="279" status="PASS">
          <reporter-output>
          </reporter-output>
        </test-method> <!-- tearDown -->
      </class> <!-- org.testSuite.GeneralStore_1 -->
    </test> <!-- Test -->
  </suite> <!-- Suite -->
</testng-results>
